[2024-06-21 16:04:35]-[info]-[Servidor arriba  puerto:6080]
[2024-06-21 16:04:36]-[info]-[Conectado a la base]
[2024-06-21 16:16:05]-[info]-[Servidor arriba  puerto:6080]
[2024-06-21 16:16:06]-[info]-[Conectado a la base]
[2024-06-21 16:16:55]-[info]-[loginInit]
[2024-06-21 16:17:03]-[info]-[login]
[2024-06-21 16:18:12]-[info]-[loginInit]
[2024-06-21 16:18:18]-[info]-[login]
[2024-06-21 16:55:16]-[info]-[Servidor arriba  puerto:6080]
[2024-06-21 16:55:17]-[info]-[Conectado a la base]
[2024-06-21 17:01:22]-[info]-[loginInit]
[2024-06-21 17:01:27]-[info]-[login]
[2024-06-21 17:23:15]-[info]-[Servidor arriba  puerto:6080]
[2024-06-21 17:23:16]-[info]-[Conectado a la base]
[2024-06-21 17:23:25]-[info]-[loginInit]
[2024-06-21 17:23:29]-[info]-[login]
[2024-06-21 20:52:41]-[info]-[Servidor arriba  puerto:6080]
[2024-06-21 20:52:42]-[info]-[Conectado a la base]
[2024-06-21 20:52:53]-[info]-[loginInit]
[2024-06-21 20:52:58]-[info]-[login]
[2024-06-21 20:53:42]-[info]-[Servidor arriba  puerto:6080]
[2024-06-21 20:53:43]-[info]-[Conectado a la base]
[2024-06-21 21:10:01]-[info]-[loginInit]
[2024-06-21 21:10:05]-[info]-[login]
[2024-06-21 21:10:35]-[info]-[Servidor arriba  puerto:6080]
[2024-06-21 21:10:36]-[info]-[Conectado a la base]
[2024-06-21 21:10:44]-[info]-[loginInit]
[2024-06-21 21:10:49]-[info]-[login]
[2024-06-21 21:13:33]-[info]-[Servidor arriba  puerto:6080]
[2024-06-21 21:13:34]-[info]-[Conectado a la base]
[2024-06-21 21:14:15]-[info]-[loginInit]
[2024-06-21 21:14:20]-[info]-[login]
[2024-06-22 00:35:02]-[info]-[loginInit]
[2024-06-22 00:35:59]-[info]-[register]
[2024-06-22 00:35:59]-[info]-[register {
  first_name: 'pedro',
  last_name: 'anda',
  age: 23,
  email: 'anda@hotmail.com',
  password: '$2b$10$cN4g0ILt.L/1xmGZc6jgC.5vZrYWC0EIC448x4QugJg9ahp0kynF2',
  role: 'USER',
  _id: new ObjectId('6676469fa9bff69d32b30961'),
  __v: 0
}]
[2024-06-22 00:38:24]-[info]-[Servidor arriba  puerto:6080]
[2024-06-22 00:38:25]-[info]-[Conectado a la base]
[2024-06-22 00:38:39]-[info]-[loginInit]
[2024-06-22 00:38:44]-[info]-[login]
[2024-06-22 00:45:06]-[info]-[Servidor arriba  puerto:6080]
[2024-06-22 00:45:07]-[info]-[Conectado a la base]
[2024-06-22 00:47:05]-[info]-[Servidor arriba  puerto:6080]
[2024-06-22 00:47:06]-[info]-[Conectado a la base]
[2024-06-22 00:48:30]-[info]-[Servidor arriba  puerto:6080]
[2024-06-22 00:48:31]-[info]-[Conectado a la base]
[2024-06-22 00:52:29]-[info]-[Servidor arriba  puerto:6080]
[2024-06-22 00:52:30]-[info]-[Conectado a la base]
[2024-06-22 00:54:12]-[info]-[Servidor arriba  puerto:6080]
[2024-06-22 00:54:14]-[info]-[Conectado a la base]
[2024-06-22 01:00:32]-[info]-[Servidor arriba  puerto:6080]
[2024-06-22 01:00:34]-[info]-[Conectado a la base]
[2024-06-22 01:05:37]-[info]-[Servidor arriba  puerto:6080]
[2024-06-22 01:05:38]-[info]-[Conectado a la base]
[2024-06-22 01:09:05]-[info]-[Servidor arriba  puerto:6080]
[2024-06-22 01:09:06]-[info]-[Conectado a la base]
[2024-06-22 01:12:00]-[info]-[Servidor arriba  puerto:6080]
[2024-06-22 01:12:02]-[info]-[Conectado a la base]
[2024-06-22 01:12:42]-[info]-[loginInit]
[2024-06-22 01:12:47]-[info]-[login]
[2024-06-22 01:24:12]-[info]-[Servidor arriba  puerto:6080]
[2024-06-22 01:24:14]-[info]-[Conectado a la base]
[2024-06-22 01:24:17]-[info]-[loginInit]
[2024-06-22 01:24:38]-[info]-[login]
[2024-06-22 01:34:12]-[info]-[Servidor arriba  puerto:6080]
[2024-06-22 01:34:14]-[info]-[Conectado a la base]
[2024-06-22 01:37:11]-[info]-[loginInit]
[2024-06-22 01:37:16]-[info]-[login]
[2024-06-22 01:39:49]-[info]-[Servidor arriba  puerto:6080]
[2024-06-22 01:39:50]-[info]-[Conectado a la base]
[2024-06-22 01:42:31]-[info]-[Servidor arriba  puerto:6080]
[2024-06-22 01:42:32]-[info]-[Conectado a la base]
[2024-06-22 01:42:36]-[info]-[loginInit]
[2024-06-22 01:42:41]-[info]-[login]
[2024-06-22 14:11:48]-[info]-[Servidor arriba  puerto:6080]
[2024-06-22 14:11:50]-[info]-[Conectado a la base]
[2024-06-23 00:47:25]-[info]-[Servidor arriba  puerto:6080]
[2024-06-23 00:47:26]-[info]-[Conectado a la base]
[2024-06-23 01:12:58]-[info]-[Servidor arriba  puerto:6080]
[2024-06-23 01:12:58]-[info]-[Conectado a la base]
[2024-06-23 01:16:30]-[info]-[Servidor arriba  puerto:6080]
[2024-06-23 01:16:31]-[info]-[Conectado a la base]
[2024-06-23 01:20:17]-[info]-[Servidor arriba  puerto:6080]
[2024-06-23 01:20:18]-[info]-[Conectado a la base]
[2024-06-23 01:39:24]-[info]-[Servidor arriba  puerto:6080]
[2024-06-23 01:39:25]-[info]-[Conectado a la base]
[2024-06-23 01:57:33]-[info]-[Servidor arriba  puerto:6080]
[2024-06-23 01:57:34]-[info]-[Conectado a la base]
[2024-06-23 02:11:50]-[info]-[Servidor arriba  puerto:6080]
[2024-06-23 02:11:50]-[info]-[Conectado a la base]
[2024-06-23 02:14:15]-[info]-[Servidor arriba  puerto:6080]
[2024-06-23 02:14:16]-[info]-[Conectado a la base]
